See the Assessment Guide for information on how to interpret this report.

ASSESSMENT SUMMARY

Compilation:  PASSED
API:          PASSED

Spotbugs:     FAILED (2 warnings)
PMD:          FAILED (6 warnings)
Checkstyle:   FAILED (0 errors, 1 warning)

Correctness:  5/51 tests passed
Memory:       22/22 tests passed
Timing:       52/125 tests passed

Aggregate score: 34.20%
[Compilation: 5%, API: 5%, Spotbugs: 0%, PMD: 0%, Checkstyle: 0%, Correctness: 60%, Memory: 10%, Timing: 20%]

ASSESSMENT DETAILS

The following files were submitted:
----------------------------------
5.8K Apr 11 10:54 Board.java
2.9K Apr 11 10:54 Solver.java


********************************************************************************
*  COMPILING
********************************************************************************


% javac11 Board.java
*-----------------------------------------------------------

% javac11 Solver.java
*-----------------------------------------------------------


================================================================


Checking the APIs of your programs.
*-----------------------------------------------------------
Board:

Solver:

================================================================


********************************************************************************
*  CHECKING STYLE AND COMMON BUG PATTERNS
********************************************************************************


% spotbugs *.class
*-----------------------------------------------------------
M B NP_EQUALS_SHOULD_HANDLE_NULL_ARGUMENT NP: The 'equals()' method does not return 'false' if the argument is null.  At Board.java:[lines 115-128]
M B BC_EQUALS_METHOD_SHOULD_WORK_FOR_ALL_OBJECTS BC: The 'equals()' method for 'Board' assumes the argument is of type 'Board'; it should be of type 'java.lang.Object'.  At Board.java:[line 115]
Warnings generated: 2


================================================================


% pmd .
*-----------------------------------------------------------
Board.java:7: The private instance (or static) variable 'n' can be made 'final'; it is initialized only in the declaration or constructor. [ImmutableField]
Board.java:9: The private instance (or static) variable 'tiles' can be made 'final'; it is initialized only in the declaration or constructor. [ImmutableField]
Solver.java:12: The private instance (or static) variable 'totalMoves' can be made 'final'; it is initialized only in the declaration or constructor. [ImmutableField]
Solver.java:87: The private instance (or static) variable 'board' can be made 'final'; it is initialized only in the declaration or constructor. [ImmutableField]
Solver.java:88: The private instance (or static) variable 'moves' can be made 'final'; it is initialized only in the declaration or constructor. [ImmutableField]
Solver.java:89: The private instance (or static) variable 'prev' can be made 'final'; it is initialized only in the declaration or constructor. [ImmutableField]
PMD ends with 6 warnings.


================================================================


% checkstyle *.java
*-----------------------------------------------------------

% custom checkstyle checks for Board.java
*-----------------------------------------------------------

% custom checkstyle checks for Solver.java
*-----------------------------------------------------------
[WARN] Solver.java:22:24: You should not need to call 'hamming()' in this program. Instead, submit the version with 'manhattan()'. [Performance]
Checkstyle ends with 0 errors and 1 warning.


================================================================


********************************************************************************
*  TESTING CORRECTNESS
********************************************************************************

Testing correctness of Board
*-----------------------------------------------------------
Running 26 total tests.

Tests 4-7 and 14-17 rely upon toString() returning results in prescribed format.

Test 1a: check hamming() with file inputs
  * puzzle04.txt
  * puzzle00.txt
  * puzzle07.txt
  * puzzle17.txt
  * puzzle27.txt
  * puzzle2x2-unsolvable1.txt
==> passed

Test 1b: check hamming() with random n-by-n boards
  * 2-by-2
  * 3-by-3
  * 4-by-4
  * 5-by-5
  * 9-by-9
  * 10-by-10
  * 127-by-127
==> passed

Test 2a: check manhattan() with file inputs
  * puzzle04.txt
    - student   manhattan() = 6
    - reference manhattan() = 4
        3
         0  1  3
         4  2  5
         7  8  6


  * puzzle00.txt
  * puzzle07.txt
    - student   manhattan() = 5
    - reference manhattan() = 7
        3
         1  2  3
         0  7  6
         5  4  8


  * puzzle17.txt
    - student   manhattan() = 14
    - reference manhattan() = 13
        3
         5  1  8
         2  7  3
         4  0  6


  * puzzle27.txt
    - student   manhattan() = 13
    - reference manhattan() = 17
        3
         5  8  7
         1  4  6
         3  0  2


  * puzzle2x2-unsolvable1.txt
    - student   manhattan() = 2
    - reference manhattan() = 3
        2
         1  0
         2  3


==> FAILED

Test 2b: check manhattan() with random n-by-n boards
  * 2-by-2
    - student   manhattan() = 2
    - reference manhattan() = 4
        2
         1  3
         2  0


    - failed on trial 1 of 1000

  * 3-by-3
    - student   manhattan() = 8
    - reference manhattan() = 9
        3
         4  1  5
         0  2  6
         7  3  8


    - failed on trial 1 of 1000

  * 4-by-4
    - student   manhattan() = 32
    - reference manhattan() = 34
        4
         6  2 15  3
        14 12  9  0
         8 11 10  7
        13  1  5  4


    - failed on trial 1 of 1000

  * 5-by-5
    - student   manhattan() = 61
    - reference manhattan() = 85
        5
         5  7 21 11 19
         2 12  0 16 17
        23 15 18  6 24
        10  8  3 14 20
         4  9  1 22 13


    - failed on trial 1 of 1000

  * 9-by-9
    - student   manhattan() = 409
    - reference manhattan() = 509
        9
        72 35 43  7 27 56 63 61 26
         4 44 20 76 17 24 10  5 66
        47 45 77 65 30  8 38 52 74
        18 14 69 25 70 57 73 39 12
        34 32 64 40 71 75 37  3  2
        67 19 80 46 11 48 16 62 58
         6 49 68 55 28 59  9 21 13
        33 51  0 23 41 29 50 31 22
        60 78 79 42 36 53 54 15  1


    - failed on trial 1 of 1000

  * 10-by-10
    - student   manhattan() = 544
    - reference manhattan() = 658
        10
        45 85  8 58 81 25 42  7 98 40
        74 55  9 73 19 56 62 72 91 48
        61 57 80 92 18 94 50 84 95 96
        35 22 63 49 24 77 34 11 27 99
        16 33 20 12 17 65  0 79 23 75
        29 31 93 78 47 44  1 76 86 59
        66 87 37 30 46 43 39 10 38 60
         6 54 36 26 97 88 68 13 89 51
        32 52  3 70  5 53 21  2 69 64
        82 14 28 67 71  4 90 15 41 83


    - failed on trial 1 of 1000

  * 127-by-127
    - student   manhattan() = 1029605
    - reference manhattan() = 1371450

    - failed on trial 1 of 10

==> FAILED

Test 3: check dimension() with random n-by-n boards
  * 2-by-2
  * 3-by-3
  * 4-by-4
  * 5-by-5
  * 6-by-6
==> passed

Test 4a: check toString() with file inputs
  * puzzle04.txt
  * puzzle00.txt
  * puzzle06.txt
  * puzzle09.txt
  * puzzle23.txt
  * puzzle2x2-unsolvable1.txt
==> passed

Test 4b: check toString() with random n-by-n boards
  * 2-by-2
  * 3-by-3
  * 4-by-4
  * 5-by-5
  * 9-by-9
  * 10-by-10
  * 127-by-127
==> passed

Test 5a: check neighbors() with file inputs
  * puzzle04.txt
  * puzzle00.txt
  * puzzle06.txt
  * puzzle09.txt
  * puzzle23.txt
  * puzzle2x2-unsolvable1.txt
==> passed

Test 5b: check neighbors() with random n-by-n boards
  * 2-by-2
  * 3-by-3
  * 4-by-4
  * 5-by-5
  * 9-by-9
  * 10-by-10
  * 127-by-127
==> passed

Test 6a: check neighbors() of neighbors() with file inputs
  * puzzle04.txt
  * puzzle00.txt
  * puzzle06.txt
  * puzzle09.txt
  * puzzle23.txt
  * puzzle2x2-unsolvable1.txt
==> passed

Test 6b: check neighbors() of neighbors() with random n-by-n boards
  * 2-by-2
  * 3-by-3
  * 4-by-4
  * 5-by-5
  * 9-by-9
  * 10-by-10
==> passed

Test 7a: check twin() with file inputs
  * puzzle04.txt
  * puzzle00.txt
  * puzzle06.txt
  * puzzle09.txt
  * puzzle23.txt
  * puzzle2x2-unsolvable1.txt
==> passed

Test 7b: check twin() with random n-by-n boards
  * 2-by-2
  * 3-by-3
  * 4-by-4
  * 5-by-5
  * 9-by-9
  * 10-by-10
==> passed

Test 8a: check isGoal() with file inputs
  * puzzle00.txt
  * puzzle04.txt
  * puzzle16.txt
  * puzzle06.txt
  * puzzle09.txt
  * puzzle23.txt
  * puzzle2x2-unsolvable1.txt
  * puzzle3x3-unsolvable1.txt
  * puzzle3x3-00.txt
  * puzzle4x4-00.txt
==> passed

Test 8b: check isGoal() on n-by-n goal boards
  * 2-by-2
  * 3-by-3
  * 4-by-4
  * 5-by-5
  * 6-by-6
  * 100-by-100
==> passed

Test 9: check that two Board objects can be created at the same time
  * random 3-by-3 and 3-by-3 boards
  * random 4-by-4 and 4-by-4 boards
  * random 2-by-2 and 2-by-2 boards
  * random 3-by-3 and 4-by-4 boards
  * random 4-by-4 and 3-by-3 boards
==> passed

Test 10a: check equals()
  * reflexive
  * symmetric
  * transitive
  * argument is null

    java.lang.NullPointerException

    Board.equals(Board.java:116)
    TestBoard.callsEqualsWithNullArgument(TestBoard.java:887)
    TestBoard.test10a(TestBoard.java:1528)
    TestBoard.main(TestBoard.java:1690)

    - equals() throws an exception when argument is null
    - equals() should return false

  * argument is of type String

    java.lang.ClassCastException: class java.lang.String cannot be cast to class Board (java.lang.String is in module java.base of loader 'bootstrap'; Board is in unnamed module of loader 'app')

    Board.equals(Board.java:115)
    TestBoard.callsEqualsWithStringArgument(TestBoard.java:915)
    TestBoard.test10a(TestBoard.java:1529)
    TestBoard.main(TestBoard.java:1690)

    - fails to return false when argument is of type String

  * argument is of type UncastableString

    java.lang.ClassCastException: class TestBoard$UncastableString cannot be cast to class Board (TestBoard$UncastableString and Board are in unnamed module of loader 'app')

    Board.equals(Board.java:115)
    TestBoard.callsEqualsWithUncastableStringArgument(TestBoard.java:937)
    TestBoard.test10a(TestBoard.java:1530)
    TestBoard.main(TestBoard.java:1690)

    - fails to return false when argument is of type UncastableString

  * Board object stored in a variable of type Object
==> FAILED

Test 10b: check correctness of equals() on random n-by-n boards
  * n = 2
  * n = 3
  * n = 4
  * 5 <= n < 10
==> passed

Test 10c: check equals() when board sizes m and n are different
  * m = 4, n = 5
  * m = 2, n = 5
  * m = 5, n = 3
  * m = 2, n = 3
  * m = 3, n = 2
==> passed

Test 11: check that Board is immutable by changing argument array after
         construction and making sure Board does not mutate
==> passed

Test 12: check that Board is immutable by testing whether methods
         return the same value, regardless of order in which called
  * puzzle10.txt
    - failed after 15 calls to random methods in Board
    - first call to twin() =
        9
        1 2 3 4 5 6 7 8 9
        10 11 12 13 14 15 16 17 18
        19 73 21 22 23 24 25 26 27
        28 29 30 31 32 33 34 35 36
        37 38 39 40 41 42 43 44 45
        46 47 48 49 50 51 52 53 54
        55 56 57 58 59 60 61 62 63
        64 0 65 67 68 78 69 70 72
        20 74 66 75 76 77 79 71 80

    - last  call to twin() =
        9
        1 2 3 4 5 6 7 8 9
        10 11 12 13 14 15 16 17 18
        19 20 21 22 23 24 25 26 27
        28 29 30 31 32 33 34 35 36
        37 38 39 40 41 42 43 44 45
        46 47 48 49 50 51 52 53 54
        55 56 57 58 59 60 61 62 63
        64 0 65 67 68 78 69 70 77
        73 74 66 75 76 72 79 71 80

    - twin1.equals(twin2) = false
    - twin2.equals(twin1) = false

    - failed after 17 calls to random methods in Board
    - first call to twin() =
        9
        1 2 3 4 5 6 7 8 9
        10 11 12 13 14 15 16 17 18
        19 73 21 22 23 24 25 26 27
        28 29 30 31 32 33 34 35 36
        37 38 39 40 41 42 43 44 45
        46 47 48 49 50 51 52 53 54
        55 56 57 58 59 60 61 62 63
        64 0 65 67 68 78 69 70 72
        20 74 66 75 76 77 79 71 80

    - last  call to twin() =
        9
        1 2 3 4 5 6 7 8 9
        10 11 12 13 14 15 16 17 18
        19 20 21 22 23 24 25 26 27
        28 29 30 31 32 33 34 35 36
        37 38 39 40 41 42 80 44 45
        46 47 48 49 50 51 52 53 54
        55 56 57 58 59 60 61 62 63
        64 0 65 67 68 78 69 70 72
        73 74 66 75 76 77 79 71 43

    - twin1.equals(twin2) = false
    - twin2.equals(twin1) = false

    - failed after 19 calls to random methods in Board
    - first call to twin() =
        9
        1 2 3 4 5 6 7 8 9
        10 11 12 13 14 15 16 17 18
        19 73 21 22 23 24 25 26 27
        28 29 30 31 32 33 34 35 36
        37 38 39 40 41 42 43 44 45
        46 47 48 49 50 51 52 53 54
        55 56 57 58 59 60 61 62 63
        64 0 65 67 68 78 69 70 72
        20 74 66 75 76 77 79 71 80

    - last  call to twin() =
        9
        1 2 3 4 73 6 7 8 9
        10 11 12 13 14 15 16 17 18
        19 20 21 22 23 24 25 26 27
        28 29 30 31 32 33 34 35 36
        37 38 39 40 41 42 43 44 45
        46 47 48 49 50 51 52 53 54
        55 56 57 58 59 60 61 62 63
        64 0 65 67 68 78 69 70 72
        5 74 66 75 76 77 79 71 80

    - twin1.equals(twin2) = false
    - twin2.equals(twin1) = false

    - failed after 22 calls to random methods in Board
    - first call to twin() =
        9
        1 2 3 4 5 6 7 8 9
        10 11 12 13 14 15 16 17 18
        19 73 21 22 23 24 25 26 27
        28 29 30 31 32 33 34 35 36
        37 38 39 40 41 42 43 44 45
        46 47 48 49 50 51 52 53 54
        55 56 57 58 59 60 61 62 63
        64 0 65 67 68 78 69 70 72
        20 74 66 75 76 77 79 71 80

    - last  call to twin() =
        9
        1 2 3 4 5 6 7 8 9
        10 11 12 13 14 15 16 17 18
        19 20 21 22 23 24 25 26 27
        28 29 30 45 32 33 34 35 36
        37 38 39 40 41 42 43 44 31
        46 47 48 49 50 51 52 53 54
        55 56 57 58 59 60 61 62 63
        64 0 65 67 68 78 69 70 72
        73 74 66 75 76 77 79 71 80

    - twin1.equals(twin2) = false
    - twin2.equals(twin1) = false

    - failed after 26 calls to random methods in Board
    - first call to twin() =
        9
        1 2 3 4 5 6 7 8 9
        10 11 12 13 14 15 16 17 18
        19 73 21 22 23 24 25 26 27
        28 29 30 31 32 33 34 35 36
        37 38 39 40 41 42 43 44 45
        46 47 48 49 50 51 52 53 54
        55 56 57 58 59 60 61 62 63
        64 0 65 67 68 78 69 70 72
        20 74 66 75 76 77 79 71 80

    - last  call to twin() =
        9
        1 2 3 4 5 6 7 8 9
        10 11 12 13 14 15 16 17 18
        19 20 21 22 23 24 25 26 27
        28 29 30 31 32 33 34 35 36
        37 38 39 40 41 42 73 44 45
        46 47 48 49 50 51 52 53 54
        55 56 57 58 59 60 61 62 63
        64 0 65 67 68 78 69 70 72
        43 74 66 75 76 77 79 71 80

    - twin1.equals(twin2) = false
    - twin2.equals(twin1) = false

    - failed after 40 calls to random methods in Board
    - first call to twin() =
        9
        1 2 3 4 5 6 7 8 9
        10 11 12 13 14 15 16 17 18
        19 73 21 22 23 24 25 26 27
        28 29 30 31 32 33 34 35 36
        37 38 39 40 41 42 43 44 45
        46 47 48 49 50 51 52 53 54
        55 56 57 58 59 60 61 62 63
        64 0 65 67 68 78 69 70 72
        20 74 66 75 76 77 79 71 80

    - last  call to twin() =
        9
        1 2 3 4 5 6 7 8 9
        10 11 12 13 14 15 16 17 18
        19 20 21 22 23 24 25 26 27
        28 29 30 31 32 33 34 35 36
        37 38 39 40 41 42 43 44 45
        46 47 48 51 50 49 52 53 54
        55 56 57 58 59 60 61 62 63
        64 0 65 67 68 78 69 70 72
        73 74 66 75 76 77 79 71 80

    - twin1.equals(twin2) = false
    - twin2.equals(twin1) = false

    - failed after 71 calls to random methods in Board
    - first call to twin() =
        9
        1 2 3 4 5 6 7 8 9
        10 11 12 13 14 15 16 17 18
        19 73 21 22 23 24 25 26 27
        28 29 30 31 32 33 34 35 36
        37 38 39 40 41 42 43 44 45
        46 47 48 49 50 51 52 53 54
        55 56 57 58 59 60 61 62 63
        64 0 65 67 68 78 69 70 72
        20 74 66 75 76 77 79 71 80

    - last  call to twin() =
        9
        1 2 3 4 5 6 7 8 9
        10 11 12 13 14 15 16 17 18
        20 19 21 22 23 24 25 26 27
        28 29 30 31 32 33 34 35 36
        37 38 39 40 41 42 43 44 45
        46 47 48 49 50 51 52 53 54
        55 56 57 58 59 60 61 62 63
        64 0 65 67 68 78 69 70 72
        73 74 66 75 76 77 79 71 80

    - twin1.equals(twin2) = false
    - twin2.equals(twin1) = false

    - failed after 77 calls to random methods in Board
    - first call to twin() =
        9
        1 2 3 4 5 6 7 8 9
        10 11 12 13 14 15 16 17 18
        19 73 21 22 23 24 25 26 27
        28 29 30 31 32 33 34 35 36
        37 38 39 40 41 42 43 44 45
        46 47 48 49 50 51 52 53 54
        55 56 57 58 59 60 61 62 63
        64 0 65 67 68 78 69 70 72
        20 74 66 75 76 77 79 71 80

    - last  call to twin() =
        9
        1 2 3 4 5 6 7 8 9
        10 11 12 13 14 15 16 17 18
        19 20 62 22 23 24 25 26 27
        28 29 30 31 32 33 34 35 36
        37 38 39 40 41 42 43 44 45
        46 47 48 49 50 51 52 53 54
        55 56 57 58 59 60 61 21 63
        64 0 65 67 68 78 69 70 72
        73 74 66 75 76 77 79 71 80

    - twin1.equals(twin2) = false
    - twin2.equals(twin1) = false

    - failed after 89 calls to random methods in Board
    - first call to twin() =
        9
        1 2 3 4 5 6 7 8 9
        10 11 12 13 14 15 16 17 18
        19 73 21 22 23 24 25 26 27
        28 29 30 31 32 33 34 35 36
        37 38 39 40 41 42 43 44 45
        46 47 48 49 50 51 52 53 54
        55 56 57 58 59 60 61 62 63
        64 0 65 67 68 78 69 70 72
        20 74 66 75 76 77 79 71 80

    - last  call to twin() =
        9
        1 2 3 4 5 6 7 8 9
        73 11 12 13 14 15 16 17 18
        19 20 21 22 23 24 25 26 27
        28 29 30 31 32 33 34 35 36
        37 38 39 40 41 42 43 44 45
        46 47 48 49 50 51 52 53 54
        55 56 57 58 59 60 61 62 63
        64 0 65 67 68 78 69 70 72
        10 74 66 75 76 77 79 71 80

    - twin1.equals(twin2) = false
    - twin2.equals(twin1) = false

    - failed after 91 calls to random methods in Board
    - first call to twin() =
        9
        1 2 3 4 5 6 7 8 9
        10 11 12 13 14 15 16 17 18
        19 73 21 22 23 24 25 26 27
        28 29 30 31 32 33 34 35 36
        37 38 39 40 41 42 43 44 45
        46 47 48 49 50 51 52 53 54
        55 56 57 58 59 60 61 62 63
        64 0 65 67 68 78 69 70 72
        20 74 66 75 76 77 79 71 80

    - last  call to twin() =
        9
        1 2 3 4 5 6 7 8 9
        10 11 12 13 14 71 16 17 18
        19 20 21 22 23 24 25 26 27
        28 29 30 31 32 33 34 35 36
        37 38 39 40 41 42 43 44 45
        46 47 48 49 50 51 52 53 54
        55 56 57 58 59 60 61 62 63
        64 0 65 67 68 78 69 70 72
        73 74 66 75 76 77 79 15 80

    - twin1.equals(twin2) = false
    - twin2.equals(twin1) = false

    - failed after 95 calls to random methods in Board
    - first call to twin() =
        9
        1 2 3 4 5 6 7 8 9
        10 11 12 13 14 15 16 17 18
        19 73 21 22 23 24 25 26 27
        28 29 30 31 32 33 34 35 36
        37 38 39 40 41 42 43 44 45
        46 47 48 49 50 51 52 53 54
        55 56 57 58 59 60 61 62 63
        64 0 65 67 68 78 69 70 72
        20 74 66 75 76 77 79 71 80

    - last  call to twin() =
        9
        1 2 3 4 5 6 7 8 9
        10 11 12 13 14 15 16 17 18
        19 20 21 22 23 24 25 26 27
        28 29 30 31 32 33 34 35 36
        71 38 39 40 41 42 43 44 45
        46 47 48 49 50 51 52 53 54
        55 56 57 58 59 60 61 62 63
        64 0 65 67 68 78 69 70 72
        73 74 66 75 76 77 79 37 80

    - twin1.equals(twin2) = false
    - twin2.equals(twin1) = false

  * puzzle20.txt
    - failed after 13 calls to random methods in Board
    - first call to twin() =
        3
        5 6 4
        7 0 8
        2 3 1

    - last  call to twin() =
        3
        2 6 4
        7 0 8
        1 3 5

    - twin1.equals(twin2) = false
    - twin2.equals(twin1) = false

    - failed after 34 calls to random methods in Board
    - first call to twin() =
        3
        5 6 4
        7 0 8
        2 3 1

    - last  call to twin() =
        3
        1 3 4
        7 0 8
        2 6 5

    - twin1.equals(twin2) = false
    - twin2.equals(twin1) = false

    - failed after 50 calls to random methods in Board
    - first call to twin() =
        3
        5 6 4
        7 0 8
        2 3 1

    - last  call to twin() =
        3
        1 2 4
        7 0 8
        6 3 5

    - twin1.equals(twin2) = false
    - twin2.equals(twin1) = false

    - failed after 59 calls to random methods in Board
    - first call to twin() =
        3
        5 6 4
        7 0 8
        2 3 1

    - last  call to twin() =
        3
        1 6 4
        3 0 8
        2 7 5

    - twin1.equals(twin2) = false
    - twin2.equals(twin1) = false

    - failed after 61 calls to random methods in Board
    - first call to twin() =
        3
        5 6 4
        7 0 8
        2 3 1

    - last  call to twin() =
        3
        1 6 4
        7 0 8
        5 3 2

    - twin1.equals(twin2) = false
    - twin2.equals(twin1) = false

    - failed after 62 calls to random methods in Board
    - first call to twin() =
        3
        5 6 4
        7 0 8
        2 3 1

    - last  call to twin() =
        3
        7 6 4
        1 0 8
        2 3 5

    - twin1.equals(twin2) = false
    - twin2.equals(twin1) = false

    - failed after 66 calls to random methods in Board
    - first call to twin() =
        3
        5 6 4
        7 0 8
        2 3 1

    - last  call to twin() =
        3
        4 6 1
        7 0 8
        2 3 5

    - twin1.equals(twin2) = false
    - twin2.equals(twin1) = false

    - failed after 76 calls to random methods in Board
    - first call to twin() =
        3
        5 6 4
        7 0 8
        2 3 1

    - last  call to twin() =
        3
        1 6 4
        7 0 8
        5 3 2

    - twin1.equals(twin2) = false
    - twin2.equals(twin1) = false

    - failed after 82 calls to random methods in Board
    - first call to twin() =
        3
        5 6 4
        7 0 8
        2 3 1

    - last  call to twin() =
        3
        1 6 4
        7 0 5
        2 3 8

    - twin1.equals(twin2) = false
    - twin2.equals(twin1) = false

    - failed after 84 calls to random methods in Board
    - first call to twin() =
        3
        5 6 4
        7 0 8
        2 3 1

    - last  call to twin() =
        3
        1 6 4
        7 0 3
        2 8 5

    - twin1.equals(twin2) = false
    - twin2.equals(twin1) = false

    - failed after 92 calls to random methods in Board
    - first call to twin() =
        3
        5 6 4
        7 0 8
        2 3 1

    - last  call to twin() =
        3
        1 8 4
        7 0 6
        2 3 5

    - twin1.equals(twin2) = false
    - twin2.equals(twin1) = false

    - failed after 98 calls to random methods in Board
    - first call to twin() =
        3
        5 6 4
        7 0 8
        2 3 1

    - last  call to twin() =
        3
        1 6 4
        7 0 2
        8 3 5

    - twin1.equals(twin2) = false
    - twin2.equals(twin1) = false

  * puzzle30.txt
    - failed after 9 calls to random methods in Board
    - first call to twin() =
        3
        8 4 6
        1 5 7
        3 2 0

    - last  call to twin() =
        3
        8 1 7
        4 5 6
        3 2 0

    - twin1.equals(twin2) = false
    - twin2.equals(twin1) = false
    - sequence of Board operations was:
         Board board = new Board(tiles)
         board.hamming()     ==> 6
         board.hamming()     ==> 6
         board.hamming()     ==> 6
         board.neighbors()
         board.twin()
         board.hamming()     ==> 6
         board.isGoal()      ==> false
         board.equals(other) ==> true
         board.twin()

    - failed after 16 calls to random methods in Board
    - first call to twin() =
        3
        8 4 6
        1 5 7
        3 2 0

    - last  call to twin() =
        3
        3 4 7
        1 5 6
        8 2 0

    - twin1.equals(twin2) = false
    - twin2.equals(twin1) = false

    - failed after 21 calls to random methods in Board
    - first call to twin() =
        3
        8 4 6
        1 5 7
        3 2 0

    - last  call to twin() =
        3
        4 8 7
        1 5 6
        3 2 0

    - twin1.equals(twin2) = false
    - twin2.equals(twin1) = false

    - failed after 23 calls to random methods in Board
    - first call to twin() =
        3
        8 4 6
        1 5 7
        3 2 0

    - last  call to twin() =
        3
        8 4 7
        3 5 6
        1 2 0

    - twin1.equals(twin2) = false
    - twin2.equals(twin1) = false

    - failed after 34 calls to random methods in Board
    - first call to twin() =
        3
        8 4 6
        1 5 7
        3 2 0

    - last  call to twin() =
        3
        4 8 7
        1 5 6
        3 2 0

    - twin1.equals(twin2) = false
    - twin2.equals(twin1) = false

    - failed after 43 calls to random methods in Board
    - first call to twin() =
        3
        8 4 6
        1 5 7
        3 2 0

    - last  call to twin() =
        3
        8 4 7
        2 5 6
        3 1 0

    - twin1.equals(twin2) = false
    - twin2.equals(twin1) = false

    - failed after 44 calls to random methods in Board
    - first call to twin() =
        3
        8 4 6
        1 5 7
        3 2 0

    - last  call to twin() =
        3
        8 4 7
        2 5 6
        3 1 0

    - twin1.equals(twin2) = false
    - twin2.equals(twin1) = false

    - failed after 45 calls to random methods in Board
    - first call to twin() =
        3
        8 4 6
        1 5 7
        3 2 0

    - last  call to twin() =
        3
        8 4 7
        1 3 6
        5 2 0

    - twin1.equals(twin2) = false
    - twin2.equals(twin1) = false

    - failed after 55 calls to random methods in Board
    - first call to twin() =
        3
        8 4 6
        1 5 7
        3 2 0

    - last  call to twin() =
        3
        8 4 3
        1 5 6
        7 2 0

    - twin1.equals(twin2) = false
    - twin2.equals(twin1) = false

    - failed after 66 calls to random methods in Board
    - first call to twin() =
        3
        8 4 6
        1 5 7
        3 2 0

    - last  call to twin() =
        3
        3 4 7
        1 5 6
        8 2 0

    - twin1.equals(twin2) = false
    - twin2.equals(twin1) = false

    - failed after 68 calls to random methods in Board
    - first call to twin() =
        3
        8 4 6
        1 5 7
        3 2 0

    - last  call to twin() =
        3
        8 4 5
        1 7 6
        3 2 0

    - twin1.equals(twin2) = false
    - twin2.equals(twin1) = false

    - failed after 74 calls to random methods in Board
    - first call to twin() =
        3
        8 4 6
        1 5 7
        3 2 0

    - last  call to twin() =
        3
        4 8 7
        1 5 6
        3 2 0

    - twin1.equals(twin2) = false
    - twin2.equals(twin1) = false

    - failed after 90 calls to random methods in Board
    - first call to twin() =
        3
        8 4 6
        1 5 7
        3 2 0

    - last  call to twin() =
        3
        8 4 7
        1 5 3
        6 2 0

    - twin1.equals(twin2) = false
    - twin2.equals(twin1) = false

  * 2-by-2
    - failed after 4 calls to random methods in Board
    - first call to twin() =
        2
        3 0
        2 1

    - last  call to twin() =
        2
        1 0
        3 2

    - twin1.equals(twin2) = false
    - twin2.equals(twin1) = false
    - sequence of Board operations was:
         Board board = new Board(tiles)
         board.hamming()     ==> 2
         board.twin()
         board.neighbors()
         board.twin()

    - failed after 13 calls to random methods in Board
    - first call to twin() =
        2
        3 0
        2 1

    - last  call to twin() =
        2
        2 0
        1 3

    - twin1.equals(twin2) = false
    - twin2.equals(twin1) = false

    - failed after 22 calls to random methods in Board
    - first call to twin() =
        2
        3 0
        2 1

    - last  call to twin() =
        2
        1 0
        3 2

    - twin1.equals(twin2) = false
    - twin2.equals(twin1) = false

    - failed after 23 calls to random methods in Board
    - first call to twin() =
        2
        3 0
        2 1

    - last  call to twin() =
        2
        2 0
        1 3

    - twin1.equals(twin2) = false
    - twin2.equals(twin1) = false

    - failed after 25 calls to random methods in Board
    - first call to twin() =
        2
        3 0
        2 1

    - last  call to twin() =
        2
        2 0
        1 3

    - twin1.equals(twin2) = false
    - twin2.equals(twin1) = false

    - failed after 26 calls to random methods in Board
    - first call to twin() =
        2
        3 0
        2 1

    - last  call to twin() =
        2
        2 0
        1 3

    - twin1.equals(twin2) = false
    - twin2.equals(twin1) = false

    - failed after 52 calls to random methods in Board
    - first call to twin() =
        2
        3 0
        2 1

    - last  call to twin() =
        2
        1 0
        3 2

    - twin1.equals(twin2) = false
    - twin2.equals(twin1) = false

    - failed after 56 calls to random methods in Board
    - first call to twin() =
        2
        3 0
        2 1

    - last  call to twin() =
        2
        1 0
        3 2

    - twin1.equals(twin2) = false
    - twin2.equals(twin1) = false

    - failed after 65 calls to random methods in Board
    - first call to twin() =
        2
        3 0
        2 1

    - last  call to twin() =
        2
        2 0
        1 3

    - twin1.equals(twin2) = false
    - twin2.equals(twin1) = false

    - failed after 68 calls to random methods in Board
    - first call to twin() =
        2
        3 0
        2 1

    - last  call to twin() =
        2
        2 0
        1 3

    - twin1.equals(twin2) = false
    - twin2.equals(twin1) = false

    - failed after 72 calls to random methods in Board
    - first call to twin() =
        2
        3 0
        2 1

    - last  call to twin() =
        2
        2 0
        1 3

    - twin1.equals(twin2) = false
    - twin2.equals(twin1) = false

    - failed after 77 calls to random methods in Board
    - first call to twin() =
        2
        3 0
        2 1

    - last  call to twin() =
        2
        2 0
        1 3

    - twin1.equals(twin2) = false
    - twin2.equals(twin1) = false

    - failed after 15 calls to random methods in Board
    - first call to twin() =
        2
        2 0
        1 3

    - last  call to twin() =
        2
        3 0
        2 1

    - twin1.equals(twin2) = false
    - twin2.equals(twin1) = false

    - failed after 26 calls to random methods in Board
    - first call to twin() =
        2
        2 0
        1 3

    - last  call to twin() =
        2
        1 0
        3 2

    - twin1.equals(twin2) = false
    - twin2.equals(twin1) = false

    - failed after 32 calls to random methods in Board
    - first call to twin() =
        2
        2 0
        1 3

    - last  call to twin() =
        2
        1 0
        3 2

    - twin1.equals(twin2) = false
    - twin2.equals(twin1) = false

    - failed after 45 calls to random methods in Board
    - first call to twin() =
        2
        2 0
        1 3

    - last  call to twin() =
        2
        3 0
        2 1

    - twin1.equals(twin2) = false
    - twin2.equals(twin1) = false

    - failed after 77 calls to random methods in Board
    - first call to twin() =
        2
        2 0
        1 3

    - last  call to twin() =
        2
        3 0
        2 1

    - twin1.equals(twin2) = false
    - twin2.equals(twin1) = false

    - failed after 90 calls to random methods in Board
    - first call to twin() =
        2
        2 0
        1 3

    - last  call to twin() =
        2
        3 0
        2 1

    - twin1.equals(twin2) = false
    - twin2.equals(twin1) = false

    - failed after 91 calls to random methods in Board
    - first call to twin() =
        2
        2 0
        1 3

    - last  call to twin() =
        2
        3 0
        2 1

    - twin1.equals(twin2) = false
    - twin2.equals(twin1) = false

    - failed after 92 calls to random methods in Board
    - first call to twin() =
        2
        2 0
        1 3

    - last  call to twin() =
        2
        1 0
        3 2

    - twin1.equals(twin2) = false
    - twin2.equals(twin1) = false

    - failed after 13 calls to random methods in Board
    - first call to twin() =
        2
        3 1
        2 0

    - last  call to twin() =
        2
        2 3
        1 0

    - twin1.equals(twin2) = false
    - twin2.equals(twin1) = false

    - failed after 58 calls to random methods in Board
    - first call to twin() =
        2
        3 1
        2 0

    - last  call to twin() =
        2
        1 2
        3 0

    - twin1.equals(twin2) = false
    - twin2.equals(twin1) = false

    - failed after 66 calls to random methods in Board
    - first call to twin() =
        2
        3 1
        2 0

    - last  call to twin() =
        2
        1 2
        3 0

    - twin1.equals(twin2) = false
    - twin2.equals(twin1) = false

    - failed after 99 calls to random methods in Board
    - first call to twin() =
        2
        3 1
        2 0

    - last  call to twin() =
        2
        2 3
        1 0

    - twin1.equals(twin2) = false
    - twin2.equals(twin1) = false

    - failed after 29 calls to random methods in Board
    - first call to twin() =
        2
        0 2
        3 1

    - last  call to twin() =
        2
        0 1
        2 3

    - twin1.equals(twin2) = false
    - twin2.equals(twin1) = false

    - failed after 32 calls to random methods in Board
    - first call to twin() =
        2
        0 2
        3 1

    - last  call to twin() =
        2
        0 3
        1 2

    - twin1.equals(twin2) = false
    - twin2.equals(twin1) = false

    - failed after 48 calls to random methods in Board
    - first call to twin() =
        2
        0 2
        3 1

    - last  call to twin() =
        2
        0 3
        1 2

    - twin1.equals(twin2) = false
    - twin2.equals(twin1) = false

    - failed after 67 calls to random methods in Board
    - first call to twin() =
        2
        0 2
        3 1

    - last  call to twin() =
        2
        0 1
        2 3

    - twin1.equals(twin2) = false
    - twin2.equals(twin1) = false

    - failed after 81 calls to random methods in Board
    - first call to twin() =
        2
        0 2
        3 1

    - last  call to twin() =
        2
        0 1
        2 3

    - twin1.equals(twin2) = false
    - twin2.equals(twin1) = false

    - failed after 95 calls to random methods in Board
    - first call to twin() =
        2
        0 2
        3 1

    - last  call to twin() =
        2
        0 3
        1 2

    - twin1.equals(twin2) = false
    - twin2.equals(twin1) = false

    - failed after 37 calls to random methods in Board
    - first call to twin() =
        2
        0 3
        2 1

    - last  call to twin() =
        2
        0 2
        1 3

    - twin1.equals(twin2) = false
    - twin2.equals(twin1) = false

    - failed after 42 calls to random methods in Board
    - first call to twin() =
        2
        0 3
        2 1

    - last  call to twin() =
        2
        0 2
        1 3

    - twin1.equals(twin2) = false
    - twin2.equals(twin1) = false

    - failed after 48 calls to random methods in Board
    - first call to twin() =
        2
        0 3
        2 1

    - last  call to twin() =
        2
        0 2
        1 3

    - twin1.equals(twin2) = false
    - twin2.equals(twin1) = false

    - failed after 57 calls to random methods in Board
    - first call to twin() =
        2
        0 3
        2 1

    - last  call to twin() =
        2
        0 2
        1 3

    - twin1.equals(twin2) = false
    - twin2.equals(twin1) = false

    - failed after 79 calls to random methods in Board
    - first call to twin() =
        2
        0 3
        2 1

    - last  call to twin() =
        2
        0 1
        3 2

    - twin1.equals(twin2) = false
    - twin2.equals(twin1) = false

    - failed after 81 calls to random methods in Board
    - first call to twin() =
        2
        0 3
        2 1

    - last  call to twin() =
        2
        0 1
        3 2

    - twin1.equals(twin2) = false
    - twin2.equals(twin1) = false

    - failed after 86 calls to random methods in Board
    - first call to twin() =
        2
        0 3
        2 1

    - last  call to twin() =
        2
        0 2
        1 3

    - twin1.equals(twin2) = false
    - twin2.equals(twin1) = false

    - failed after 6 calls to random methods in Board
    - first call to twin() =
        2
        3 1
        0 2

    - last  call to twin() =
        2
        1 2
        0 3

    - twin1.equals(twin2) = false
    - twin2.equals(twin1) = false
    - sequence of Board operations was:
         Board board = new Board(tiles)
         board.toString()
         board.equals(other) ==> true
         board.equals(other) ==> true
         board.twin()
         board.equals(other) ==> true
         board.twin()

    - failed after 7 calls to random methods in Board
    - first call to twin() =
        2
        3 1
        0 2

    - last  call to twin() =
        2
        2 3
        0 1

    - twin1.equals(twin2) = false
    - twin2.equals(twin1) = false
    - sequence of Board operations was:
         Board board = new Board(tiles)
         board.toString()
         board.equals(other) ==> true
         board.equals(other) ==> true
         board.twin()
         board.equals(other) ==> true
         board.twin()
         board.twin()

    - failed after 12 calls to random methods in Board
    - first call to twin() =
        2
        3 1
        0 2

    - last  call to twin() =
        2
        1 2
        0 3

    - twin1.equals(twin2) = false
    - twin2.equals(twin1) = false

    - failed after 33 calls to random methods in Board
    - first call to twin() =
        2
        3 1
        0 2

    - last  call to twin() =
        2
        2 3
        0 1

    - twin1.equals(twin2) = false
    - twin2.equals(twin1) = false

    - failed after 34 calls to random methods in Board
    - first call to twin() =
        2
        3 1
        0 2

    - last  call to twin() =
        2
        2 3
        0 1

    - twin1.equals(twin2) = false
    - twin2.equals(twin1) = false

    - failed after 39 calls to random methods in Board
    - first call to twin() =
        2
        3 1
        0 2

    - last  call to twin() =
        2
        1 2
        0 3

    - twin1.equals(twin2) = false
    - twin2.equals(twin1) = false

    - failed after 45 calls to random methods in Board
    - first call to twin() =
        2
        3 1
        0 2

    - last  call to twin() =
        2
        2 3
        0 1

    - twin1.equals(twin2) = false
    - twin2.equals(twin1) = false

    - failed after 49 calls to random methods in Board
    - first call to twin() =
        2
        3 1
        0 2

    - last  call to twin() =
        2
        1 2
        0 3

    - twin1.equals(twin2) = false
    - twin2.equals(twin1) = false

    - failed after 51 calls to random methods in Board
    - first call to twin() =
        2
        3 1
        0 2

    - last  call to twin() =
        2
        1 2
        0 3

    - twin1.equals(twin2) = false
    - twin2.equals(twin1) = false

    - failed after 64 calls to random methods in Board
    - first call to twin() =
        2
        3 1
        0 2

    - last  call to twin() =
        2
        1 2
        0 3

    - twin1.equals(twin2) = false
    - twin2.equals(twin1) = false

    - failed after 77 calls to random methods in Board
    - first call to twin() =
        2
        3 1
        0 2

    - last  call to twin() =
        2
        2 3
        0 1

    - twin1.equals(twin2) = false
    - twin2.equals(twin1) = false

    - failed after 80 calls to random methods in Board
    - first call to twin() =
        2
        3 1
        0 2

    - last  call to twin() =
        2
        1 2
        0 3

    - twin1.equals(twin2) = false
    - twin2.equals(twin1) = false

    - failed after 91 calls to random methods in Board
    - first call to twin() =
        2
        3 1
        0 2

    - last  call to twin() =
        2
        2 3
        0 1

    - twin1.equals(twin2) = false
    - twin2.equals(twin1) = false

    - failed after 7 calls to random methods in Board
    - first call to twin() =
        2
        3 2
        0 1

    - last  call to twin() =
        2
        2 1
        0 3

    - twin1.equals(twin2) = false
    - twin2.equals(twin1) = false
    - sequence of Board operations was:
         Board board = new Board(tiles)
         board.hamming()     ==> 3
         board.twin()
         board.toString()
         board.equals(other) ==> true
         board.neighbors()
         board.toString()
         board.twin()

    - failed after 13 calls to random methods in Board
    - first call to twin() =
        2
        3 2
        0 1

    - last  call to twin() =
        2
        2 1
        0 3

    - twin1.equals(twin2) = false
    - twin2.equals(twin1) = false

    - failed after 29 calls to random methods in Board
    - first call to twin() =
        2
        3 2
        0 1

    - last  call to twin() =
        2
        1 3
        0 2

    - twin1.equals(twin2) = false
    - twin2.equals(twin1) = false

    - failed after 47 calls to random methods in Board
    - first call to twin() =
        2
        3 2
        0 1

    - last  call to twin() =
        2
        1 3
        0 2

    - twin1.equals(twin2) = false
    - twin2.equals(twin1) = false

    - failed after 49 calls to random methods in Board
    - first call to twin() =
        2
        3 2
        0 1

    - last  call to twin() =
        2
        1 3
        0 2

    - twin1.equals(twin2) = false
    - twin2.equals(twin1) = false

    - failed after 55 calls to random methods in Board
    - first call to twin() =
        2
        3 2
        0 1

    - last  call to twin() =
        2
        1 3
        0 2

    - twin1.equals(twin2) = false
    - twin2.equals(twin1) = false

    - failed after 65 calls to random methods in Board
    - first call to twin() =
        2
        3 2
        0 1

    - last  call to twin() =
        2
        1 3
        0 2

    - twin1.equals(twin2) = false
    - twin2.equals(twin1) = false

    - failed after 83 calls to random methods in Board
    - first call to twin() =
        2
        3 2
        0 1

    - last  call to twin() =
        2
        1 3
        0 2

    - twin1.equals(twin2) = false
    - twin2.equals(twin1) = false

    - failed after 86 calls to random methods in Board
    - first call to twin() =
        2
        3 2
        0 1

    - last  call to twin() =
        2
        2 1
        0 3

    - twin1.equals(twin2) = false
    - twin2.equals(twin1) = false

    - failed after 43 calls to random methods in Board
    - first call to twin() =
        2
        1 3
        0 2

    - last  call to twin() =
        2
        2 1
        0 3

    - twin1.equals(twin2) = false
    - twin2.equals(twin1) = false

    - failed after 82 calls to random methods in Board
    - first call to twin() =
        2
        1 3
        0 2

    - last  call to twin() =
        2
        3 2
        0 1

    - twin1.equals(twin2) = false
    - twin2.equals(twin1) = false

    - failed after 85 calls to random methods in Board
    - first call to twin() =
        2
        1 3
        0 2

    - last  call to twin() =
        2
        3 2
        0 1

    - twin1.equals(twin2) = false
    - twin2.equals(twin1) = false

    - failed after 89 calls to random methods in Board
    - first call to twin() =
        2
        1 3
        0 2

    - last  call to twin() =
        2
        2 1
        0 3

    - twin1.equals(twin2) = false
    - twin2.equals(twin1) = false

    - failed after 13 calls to random methods in Board
    - first call to twin() =
        2
        1 3
        2 0

    - last  call to twin() =
        2
        3 2
        1 0

    - twin1.equals(twin2) = false
    - twin2.equals(twin1) = false

    - failed after 25 calls to random methods in Board
    - first call to twin() =
        2
        1 3
        2 0

    - last  call to twin() =
        2
        3 2
        1 0

    - twin1.equals(twin2) = false
    - twin2.equals(twin1) = false

    - failed after 40 calls to random methods in Board
    - first call to twin() =
        2
        1 3
        2 0

    - last  call to twin() =
        2
        3 2
        1 0

    - twin1.equals(twin2) = false
    - twin2.equals(twin1) = false

    - failed after 44 calls to random methods in Board
    - first call to twin() =
        2
        1 3
        2 0

    - last  call to twin() =
        2
        2 1
        3 0

    - twin1.equals(twin2) = false
    - twin2.equals(twin1) = false

    - failed after 48 calls to random methods in Board
    - first call to twin() =
        2
        1 3
        2 0

    - last  call to twin() =
        2
        3 2
        1 0

    - twin1.equals(twin2) = false
    - twin2.equals(twin1) = false

    - failed after 65 calls to random methods in Board
    - first call to twin() =
        2
        1 3
        2 0

    - last  call to twin() =
        2
        2 1
        3 0

    - twin1.equals(twin2) = false
    - twin2.equals(twin1) = false

    - failed after 69 calls to random methods in Board
    - first call to twin() =
        2
        1 3
        2 0

    - last  call to twin() =
        2
        2 1
        3 0

    - twin1.equals(twin2) = false
    - twin2.equals(twin1) = false

    - failed after 72 calls to random methods in Board
    - first call to twin() =
        2
        1 3
        2 0

    - last  call to twin() =
        2
        2 1
        3 0

    - twin1.equals(twin2) = false
    - twin2.equals(twin1) = false

    - failed after 73 calls to random methods in Board
    - first call to twin() =
        2
        1 3
        2 0

    - last  call to twin() =
        2
        3 2
        1 0

    - twin1.equals(twin2) = false
    - twin2.equals(twin1) = false

    - failed after 77 calls to random methods in Board
    - first call to twin() =
        2
        1 3
        2 0

    - last  call to twin() =
        2
        2 1
        3 0

    - twin1.equals(twin2) = false
    - twin2.equals(twin1) = false

    - failed after 11 calls to random methods in Board
    - first call to twin() =
        2
        2 1
        3 0

    - last  call to twin() =
        2
        3 2
        1 0

    - twin1.equals(twin2) = false
    - twin2.equals(twin1) = false
    - sequence of Board operations was:
         Board board = new Board(tiles)
         board.equals(other) ==> false
         board.hamming()     ==> 0
         board.equals(other) ==> false
         board.twin()
         board.manhattan()   ==> 0
         board.hamming()     ==> 0
         board.isGoal()      ==> true
         board.twin()
         board.hamming()     ==> 0
         board.hamming()     ==> 0
         board.twin()

    - failed after 17 calls to random methods in Board
    - first call to twin() =
        2
        2 1
        3 0

    - last  call to twin() =
        2
        3 2
        1 0

    - twin1.equals(twin2) = false
    - twin2.equals(twin1) = false

    - failed after 19 calls to random methods in Board
    - first call to twin() =
        2
        2 1
        3 0

    - last  call to twin() =
        2
        1 3
        2 0

    - twin1.equals(twin2) = false
    - twin2.equals(twin1) = false

    - failed after 29 calls to random methods in Board
    - first call to twin() =
        2
        2 1
        3 0

    - last  call to twin() =
        2
        3 2
        1 0

    - twin1.equals(twin2) = false
    - twin2.equals(twin1) = false

    - failed after 31 calls to random methods in Board
    - first call to twin() =
        2
        2 1
        3 0

    - last  call to twin() =
        2
        1 3
        2 0

    - twin1.equals(twin2) = false
    - twin2.equals(twin1) = false

    - failed after 59 calls to random methods in Board
    - first call to twin() =
        2
        2 1
        3 0

    - last  call to twin() =
        2
        1 3
        2 0

    - twin1.equals(twin2) = false
    - twin2.equals(twin1) = false

    - failed after 62 calls to random methods in Board
    - first call to twin() =
        2
        2 1
        3 0

    - last  call to twin() =
        2
        3 2
        1 0

    - twin1.equals(twin2) = false
    - twin2.equals(twin1) = false

    - failed after 77 calls to random methods in Board
    - first call to twin() =
        2
        2 1
        3 0

    - last  call to twin() =
        2
        3 2
        1 0

    - twin1.equals(twin2) = false
    - twin2.equals(twin1) = false

    - failed after 86 calls to random methods in Board
    - first call to twin() =
        2
        2 1
        3 0

    - last  call to twin() =
        2
        1 3
        2 0

    - twin1.equals(twin2) = false
    - twin2.equals(twin1) = false

    - failed after 19 calls to random methods in Board
    - first call to twin() =
        2
        3 0
        2 1

    - last  call to twin() =
        2
        2 0
        1 3

    - twin1.equals(twin2) = false
    - twin2.equals(twin1) = false

    - failed after 23 calls to random methods in Board
    - first call to twin() =
        2
        3 0
        2 1

    - last  call to twin() =
        2
        2 0
        1 3

    - twin1.equals(twin2) = false
    - twin2.equals(twin1) = false

    - failed after 35 calls to random methods in Board
    - first call to twin() =
        2
        3 0
        2 1

    - last  call to twin() =
        2
        2 0
        1 3

    - twin1.equals(twin2) = false
    - twin2.equals(twin1) = false

    - failed after 37 calls to random methods in Board
    - first call to twin() =
        2
        3 0
        2 1

    - last  call to twin() =
        2
        1 0
        3 2

    - twin1.equals(twin2) = false
    - twin2.equals(twin1) = false

    - failed after 45 calls to random methods in Board
    - first call to twin() =
        2
        3 0
        2 1

    - last  call to twin() =
        2
        1 0
        3 2

    - twin1.equals(twin2) = false
    - twin2.equals(twin1) = false

    - failed after 48 calls to random methods in Board
    - first call to twin() =
        2
        3 0
        2 1

    - last  call to twin() =
        2
        2 0
        1 3

    - twin1.equals(twin2) = false
    - twin2.equals(twin1) = false

    - failed after 76 calls to random methods in Board
    - first call to twin() =
        2
        3 0
        2 1

    - last  call to twin() =
        2
        2 0
        1 3

    - twin1.equals(twin2) = false
    - twin2.equals(twin1) = false

    - failed after 87 calls to random methods in Board
    - first call to twin() =
        2
        3 0
        2 1

    - last  call to twin() =
        2
        2 0
        1 3

    - twin1.equals(twin2) = false
    - twin2.equals(twin1) = false

    - failed after 92 calls to random methods in Board
    - first call to twin() =
        2
        3 0
        2 1

    - last  call to twin() =
        2
        1 0
        3 2

    - twin1.equals(twin2) = false
    - twin2.equals(twin1) = false

    - failed after 93 calls to random methods in Board
    - first call to twin() =
        2
        3 0
        2 1

    - last  call to twin() =
        2
        2 0
        1 3

    - twin1.equals(twin2) = false
    - twin2.equals(twin1) = false

    - failed after 98 calls to random methods in Board
    - first call to twin() =
        2
        3 0
        2 1

    - last  call to twin() =
        2
        1 0
        3 2

    - twin1.equals(twin2) = false
    - twin2.equals(twin1) = false

    - failed after 19 calls to random methods in Board
    - first call to twin() =
        2
        1 3
        2 0

    - last  call to twin() =
        2
        2 1
        3 0

    - twin1.equals(twin2) = false
    - twin2.equals(twin1) = false

    - failed after 41 calls to random methods in Board
    - first call to twin() =
        2
        1 3
        2 0

    - last  call to twin() =
        2
        2 1
        3 0

    - twin1.equals(twin2) = false
    - twin2.equals(twin1) = false

    - failed after 51 calls to random methods in Board
    - first call to twin() =
        2
        1 3
        2 0

    - last  call to twin() =
        2
        2 1
        3 0

    - twin1.equals(twin2) = false
    - twin2.equals(twin1) = false

    - failed after 54 calls to random methods in Board
    - first call to twin() =
        2
        1 3
        2 0

    - last  call to twin() =
        2
        2 1
        3 0

    - twin1.equals(twin2) = false
    - twin2.equals(twin1) = false

    - failed after 64 calls to random methods in Board
    - first call to twin() =
        2
        1 3
        2 0

    - last  call to twin() =
        2
        3 2
        1 0

    - twin1.equals(twin2) = false
    - twin2.equals(twin1) = false

    - failed after 83 calls to random methods in Board
    - first call to twin() =
        2
        1 3
        2 0

    - last  call to twin() =
        2
        2 1
        3 0

    - twin1.equals(twin2) = false
    - twin2.equals(twin1) = false

    - failed after 86 calls to random methods in Board
    - first call to twin() =
        2
        1 3
        2 0

    - last  call to twin() =
        2
        3 2
        1 0

    - twin1.equals(twin2) = false
    - twin2.equals(twin1) = false

    - failed after 90 calls to random methods in Board
    - first call to twin() =
        2
        1 3
        2 0

    - last  call to twin() =
        2
        3 2
        1 0

    - twin1.equals(twin2) = false
    - twin2.equals(twin1) = false

    - failed after 16 calls to random methods in Board
    - first call to twin() =
        2
        3 1
        0 2

    - last  call to twin() =
        2
        1 2
        0 3

    - twin1.equals(twin2) = false
    - twin2.equals(twin1) = false

    - failed after 19 calls to random methods in Board
    - first call to twin() =
        2
        3 1
        0 2

    - last  call to twin() =
        2
        2 3
        0 1

    - twin1.equals(twin2) = false
    - twin2.equals(twin1) = false

    - failed after 23 calls to random methods in Board
    - first call to twin() =
        2
        3 1
        0 2

    - last  call to twin() =
        2
        1 2
        0 3

    - twin1.equals(twin2) = false
    - twin2.equals(twin1) = false

    - failed after 39 calls to random methods in Board
    - first call to twin() =
        2
        3 1
        0 2

    - last  call to twin() =
        2
        1 2
        0 3

    - twin1.equals(twin2) = false
    - twin2.equals(twin1) = false

    - failed after 45 calls to random methods in Board
    - first call to twin() =
        2
        3 1
        0 2

    - last  call to twin() =
        2
        2 3
        0 1

    - twin1.equals(twin2) = false
    - twin2.equals(twin1) = false

    - failed after 49 calls to random methods in Board
    - first call to twin() =
        2
        3 1
        0 2

    - last  call to twin() =
        2
        1 2
        0 3

    - twin1.equals(twin2) = false
    - twin2.equals(twin1) = false

    - failed after 51 calls to random methods in Board
    - first c

...

WARNING: the grading output was truncated due to excessive length.
Typically, this is because you have a method that has an unanticipated side effect
(such as printing to standard output or throwing an exception). A large amount of output
can also arise from failing many tests.
